<?xml version="1.0" encoding="UTF-8"?>
<!-- Generated by org.testng.reporters.JUnitXMLReporter -->
<testsuite ignored="0" hostname="cdc2-l-f55gzg2" failures="0" tests="2" name="AutomationExercise Tests" time="40.543" errors="0" timestamp="2025-09-24T15:57:23 IST">
  <testcase classname="tests.login.TC02_LoginValidTest" name="AccountLogin" time="7.58"/>
  <testcase classname="tests.login.TC04_LogoutTest" name="AccountLoginAndLogout" time="13.112"/>
</testsuite> <!-- AutomationExercise Tests -->
