<?xml version="1.0" encoding="UTF-8"?>
<testng-results ignored="1" total="8" passed="6" failed="1" skipped="0">
  <reporter-output>
  </reporter-output>
  <suite started-at="2025-10-10T15:03:36 IST" name="AutomationExerciseApp_practice" finished-at="2025-10-10T15:06:02 IST" duration-ms="145756">
    <groups>
    </groups>
    <test started-at="2025-10-10T15:03:36 IST" name="AutomationExercise Tests" finished-at="2025-10-10T15:06:02 IST" duration-ms="145756">
      <class name="tests.login.TC02_LoginValidTest">
        <test-method is-config="true" signature="setup()[pri:0, instance:tests.login.TC02_LoginValidTest@9d5509a]" started-at="2025-10-10T15:04:01 IST" name="setup" finished-at="2025-10-10T15:04:11 IST" duration-ms="9834" status="PASS">
          <reporter-output>
          </reporter-output>
        </test-method> <!-- setup -->
        <test-method is-config="true" signature="Setup()[pri:0, instance:tests.login.TC02_LoginValidTest@9d5509a]" started-at="2025-10-10T15:04:11 IST" name="Setup" finished-at="2025-10-10T15:04:11 IST" duration-ms="1" status="PASS">
          <reporter-output>
          </reporter-output>
        </test-method> <!-- Setup -->
        <test-method signature="AccountLogin()[pri:0, instance:tests.login.TC02_LoginValidTest@9d5509a]" started-at="2025-10-10T15:04:11 IST" name="AccountLogin" finished-at="2025-10-10T15:04:15 IST" duration-ms="4480" status="PASS">
          <reporter-output>
          </reporter-output>
        </test-method> <!-- AccountLogin -->
        <test-method is-config="true" signature="tearDown()[pri:0, instance:tests.login.TC02_LoginValidTest@9d5509a]" started-at="2025-10-10T15:04:15 IST" name="tearDown" finished-at="2025-10-10T15:04:15 IST" duration-ms="0" status="PASS">
          <reporter-output>
          </reporter-output>
        </test-method> <!-- tearDown -->
      </class> <!-- tests.login.TC02_LoginValidTest -->
      <class name="tests.contact.TC06_ContactUsTest">
        <test-method is-config="true" signature="setup()[pri:0, instance:tests.contact.TC06_ContactUsTest@1fa121e2]" started-at="2025-10-10T15:05:03 IST" name="setup" finished-at="2025-10-10T15:05:13 IST" duration-ms="9410" status="PASS">
          <reporter-output>
          </reporter-output>
        </test-method> <!-- setup -->
        <test-method is-config="true" signature="Setup()[pri:0, instance:tests.contact.TC06_ContactUsTest@1fa121e2]" started-at="2025-10-10T15:05:13 IST" name="Setup" finished-at="2025-10-10T15:05:13 IST" duration-ms="11" status="PASS">
          <reporter-output>
          </reporter-output>
        </test-method> <!-- Setup -->
        <test-method signature="ContactUsForm()[pri:0, instance:tests.contact.TC06_ContactUsTest@1fa121e2]" started-at="2025-10-10T15:05:13 IST" name="ContactUsForm" finished-at="2025-10-10T15:05:23 IST" duration-ms="10271" status="PASS">
          <reporter-output>
          </reporter-output>
        </test-method> <!-- ContactUsForm -->
        <test-method is-config="true" signature="tearDown()[pri:0, instance:tests.contact.TC06_ContactUsTest@1fa121e2]" started-at="2025-10-10T15:05:23 IST" name="tearDown" finished-at="2025-10-10T15:05:23 IST" duration-ms="0" status="PASS">
          <reporter-output>
          </reporter-output>
        </test-method> <!-- tearDown -->
      </class> <!-- tests.contact.TC06_ContactUsTest -->
      <class name="tests.products.TC08_AllProductsTest">
        <test-method is-config="true" signature="setup()[pri:0, instance:tests.products.TC08_AllProductsTest@7eac9008]" started-at="2025-10-10T15:05:23 IST" name="setup" finished-at="2025-10-10T15:05:34 IST" duration-ms="11338" status="PASS">
          <reporter-output>
          </reporter-output>
        </test-method> <!-- setup -->
        <test-method is-config="true" signature="setUp()[pri:0, instance:tests.products.TC08_AllProductsTest@7eac9008]" started-at="2025-10-10T15:05:34 IST" name="setUp" finished-at="2025-10-10T15:05:34 IST" duration-ms="4" status="PASS">
          <reporter-output>
          </reporter-output>
        </test-method> <!-- setUp -->
        <test-method signature="Products()[pri:0, instance:tests.products.TC08_AllProductsTest@7eac9008]" started-at="2025-10-10T15:05:34 IST" name="Products" finished-at="2025-10-10T15:06:02 IST" duration-ms="27726" status="PASS">
          <reporter-output>
          </reporter-output>
        </test-method> <!-- Products -->
        <test-method is-config="true" signature="tearDown()[pri:0, instance:tests.products.TC08_AllProductsTest@7eac9008]" started-at="2025-10-10T15:06:02 IST" name="tearDown" finished-at="2025-10-10T15:06:02 IST" duration-ms="0" status="PASS">
          <reporter-output>
          </reporter-output>
        </test-method> <!-- tearDown -->
      </class> <!-- tests.products.TC08_AllProductsTest -->
      <class name="tests.login.TC04_LogoutTest">
        <test-method is-config="true" signature="setup()[pri:0, instance:tests.login.TC04_LogoutTest@3b0090a4]" started-at="2025-10-10T15:04:24 IST" name="setup" finished-at="2025-10-10T15:04:31 IST" duration-ms="7269" status="PASS">
          <reporter-output>
          </reporter-output>
        </test-method> <!-- setup -->
        <test-method signature="AccountLoginAndLogout()[pri:0, instance:tests.login.TC04_LogoutTest@3b0090a4]" started-at="2025-10-10T15:04:31 IST" name="AccountLoginAndLogout" finished-at="2025-10-10T15:04:42 IST" duration-ms="10835" status="PASS">
          <reporter-output>
          </reporter-output>
        </test-method> <!-- AccountLoginAndLogout -->
        <test-method is-config="true" signature="Setup()[pri:0, instance:tests.login.TC04_LogoutTest@3b0090a4]" started-at="2025-10-10T15:04:31 IST" name="Setup" finished-at="2025-10-10T15:04:31 IST" duration-ms="0" status="PASS">
          <reporter-output>
          </reporter-output>
        </test-method> <!-- Setup -->
        <test-method is-config="true" signature="tearDown()[pri:0, instance:tests.login.TC04_LogoutTest@3b0090a4]" started-at="2025-10-10T15:04:42 IST" name="tearDown" finished-at="2025-10-10T15:04:42 IST" duration-ms="1" status="PASS">
          <reporter-output>
          </reporter-output>
        </test-method> <!-- tearDown -->
      </class> <!-- tests.login.TC04_LogoutTest -->
      <class name="tests.login.TC01_RegisterUserTest">
        <test-method is-config="true" signature="setup()[pri:0, instance:tests.login.TC01_RegisterUserTest@233795b6]" started-at="2025-10-10T15:03:36 IST" name="setup" finished-at="2025-10-10T15:03:48 IST" duration-ms="11420" status="PASS">
          <reporter-output>
          </reporter-output>
        </test-method> <!-- setup -->
        <test-method is-config="true" signature="Setup()[pri:0, instance:tests.login.TC01_RegisterUserTest@233795b6]" started-at="2025-10-10T15:03:48 IST" name="Setup" finished-at="2025-10-10T15:03:48 IST" duration-ms="7" status="PASS">
          <reporter-output>
          </reporter-output>
        </test-method> <!-- Setup -->
        <test-method signature="RegisterUser()[pri:1, instance:tests.login.TC01_RegisterUserTest@233795b6]" started-at="2025-10-10T15:03:48 IST" name="RegisterUser" finished-at="2025-10-10T15:04:01 IST" duration-ms="13036" status="FAIL">
          <exception class="org.openqa.selenium.NoSuchElementException">
            <message>
              <![CDATA[no such element: Unable to locate element: {"method":"css selector","selector":"#id_gender1"}
  (Session info: chrome=141.0.7390.55)
For documentation on this error, please visit: https://www.selenium.dev/documentation/webdriver/troubleshooting/errors#no-such-element-exception
Build info: version: '4.34.0', revision: '707dcb4246*'
System info: os.name: 'Windows 11', os.arch: 'amd64', os.version: '10.0', java.version: '21.0.7'
Driver info: org.openqa.selenium.chrome.ChromeDriver
Command: [bbf6a175b93a56885d3b7bf03f9a1099, findElement {value=id_gender1, using=id}]
Capabilities {acceptInsecureCerts: false, browserName: chrome, browserVersion: 141.0.7390.55, chrome: {chromedriverVersion: 141.0.7390.76 (d6fcfbb51aac..., userDataDir: C:/Temp/ChromeProfile_17600...}, fedcm:accounts: true, goog:chromeOptions: {debuggerAddress: localhost:56123}, networkConnectionEnabled: false, pageLoadStrategy: normal, platformName: windows, proxy: Proxy(), se:cdp: ws://localhost:56123/devtoo..., se:cdpVersion: 141.0.7390.55, setWindowRect: true, strictFileInteractability: false, timeouts: {implicit: 0, pageLoad: 300000, script: 30000}, unhandledPromptBehavior: dismiss and notify, webauthn:extension:credBlob: true, webauthn:extension:largeBlob: true, webauthn:extension:minPinLength: true, webauthn:extension:prf: true, webauthn:virtualAuthenticators: true}
Session ID: bbf6a175b93a56885d3b7bf03f9a1099]]>
            </message>
            <full-stacktrace>
              <![CDATA[org.openqa.selenium.NoSuchElementException: no such element: Unable to locate element: {"method":"css selector","selector":"#id_gender1"}
  (Session info: chrome=141.0.7390.55)
For documentation on this error, please visit: https://www.selenium.dev/documentation/webdriver/troubleshooting/errors#no-such-element-exception
Build info: version: '4.34.0', revision: '707dcb4246*'
System info: os.name: 'Windows 11', os.arch: 'amd64', os.version: '10.0', java.version: '21.0.7'
Driver info: org.openqa.selenium.chrome.ChromeDriver
Command: [bbf6a175b93a56885d3b7bf03f9a1099, findElement {value=id_gender1, using=id}]
Capabilities {acceptInsecureCerts: false, browserName: chrome, browserVersion: 141.0.7390.55, chrome: {chromedriverVersion: 141.0.7390.76 (d6fcfbb51aac..., userDataDir: C:/Temp/ChromeProfile_17600...}, fedcm:accounts: true, goog:chromeOptions: {debuggerAddress: localhost:56123}, networkConnectionEnabled: false, pageLoadStrategy: normal, platformName: windows, proxy: Proxy(), se:cdp: ws://localhost:56123/devtoo..., se:cdpVersion: 141.0.7390.55, setWindowRect: true, strictFileInteractability: false, timeouts: {implicit: 0, pageLoad: 300000, script: 30000}, unhandledPromptBehavior: dismiss and notify, webauthn:extension:credBlob: true, webauthn:extension:largeBlob: true, webauthn:extension:minPinLength: true, webauthn:extension:prf: true, webauthn:virtualAuthenticators: true}
Session ID: bbf6a175b93a56885d3b7bf03f9a1099
at java.base/jdk.internal.reflect.DirectConstructorHandleAccessor.newInstance(DirectConstructorHandleAccessor.java:62)
at java.base/java.lang.reflect.Constructor.newInstanceWithCaller(Constructor.java:502)
at java.base/java.lang.reflect.Constructor.newInstance(Constructor.java:486)
at org.openqa.selenium.remote.ErrorCodec.decode(ErrorCodec.java:167)
at org.openqa.selenium.remote.codec.w3c.W3CHttpResponseCodec.decode(W3CHttpResponseCodec.java:138)
at org.openqa.selenium.remote.codec.w3c.W3CHttpResponseCodec.decode(W3CHttpResponseCodec.java:50)
at org.openqa.selenium.remote.HttpCommandExecutor.execute(HttpCommandExecutor.java:215)
at org.openqa.selenium.remote.service.DriverCommandExecutor.invokeExecute(DriverCommandExecutor.java:216)
at org.openqa.selenium.remote.service.DriverCommandExecutor.execute(DriverCommandExecutor.java:174)
at org.openqa.selenium.remote.RemoteWebDriver.execute(RemoteWebDriver.java:544)
at org.openqa.selenium.remote.ElementLocation$ElementFinder$2.findElement(ElementLocation.java:165)
at org.openqa.selenium.remote.ElementLocation.findElement(ElementLocation.java:66)
at org.openqa.selenium.remote.RemoteWebDriver.findElement(RemoteWebDriver.java:367)
at org.openqa.selenium.remote.RemoteWebDriver.findElement(RemoteWebDriver.java:361)
at pages.SignupPage.EnterAccountInfo(SignupPage.java:70)
at tests.login.TC01_RegisterUserTest.RegisterUser(TC01_RegisterUserTest.java:43)
at java.base/jdk.internal.reflect.DirectMethodHandleAccessor.invoke(DirectMethodHandleAccessor.java:103)
at java.base/java.lang.reflect.Method.invoke(Method.java:580)
at org.testng.internal.invokers.MethodInvocationHelper.invokeMethod(MethodInvocationHelper.java:141)
at org.testng.internal.invokers.TestInvoker.invokeMethod(TestInvoker.java:687)
at org.testng.internal.invokers.TestInvoker.invokeTestMethod(TestInvoker.java:230)
at org.testng.internal.invokers.MethodRunner.runInSequence(MethodRunner.java:63)
at org.testng.internal.invokers.TestInvoker$MethodInvocationAgent.invoke(TestInvoker.java:995)
at org.testng.internal.invokers.TestInvoker.invokeTestMethods(TestInvoker.java:203)
at org.testng.internal.invokers.TestMethodWorker.invokeTestMethods(TestMethodWorker.java:154)
at org.testng.internal.invokers.TestMethodWorker.run(TestMethodWorker.java:134)
at java.base/java.util.ArrayList.forEach(ArrayList.java:1596)
at org.testng.TestRunner.privateRun(TestRunner.java:741)
at org.testng.TestRunner.run(TestRunner.java:616)
at org.testng.SuiteRunner.runTest(SuiteRunner.java:421)
at org.testng.SuiteRunner.runSequentially(SuiteRunner.java:413)
at org.testng.SuiteRunner.privateRun(SuiteRunner.java:373)
at org.testng.SuiteRunner.run(SuiteRunner.java:312)
at org.testng.SuiteRunnerWorker.runSuite(SuiteRunnerWorker.java:52)
at org.testng.SuiteRunnerWorker.run(SuiteRunnerWorker.java:95)
at org.testng.TestNG.runSuitesSequentially(TestNG.java:1274)
at org.testng.TestNG.runSuitesLocally(TestNG.java:1208)
at org.testng.TestNG.runSuites(TestNG.java:1112)
at org.testng.TestNG.run(TestNG.java:1079)
at org.testng.remote.AbstractRemoteTestNG.run(AbstractRemoteTestNG.java:115)
at org.testng.remote.RemoteTestNG.initAndRun(RemoteTestNG.java:293)
at org.testng.remote.RemoteTestNG.main(RemoteTestNG.java:91)
]]>
            </full-stacktrace>
          </exception> <!-- org.openqa.selenium.NoSuchElementException -->
          <reporter-output>
          </reporter-output>
        </test-method> <!-- RegisterUser -->
        <test-method is-config="true" signature="tearDown()[pri:0, instance:tests.login.TC01_RegisterUserTest@233795b6]" started-at="2025-10-10T15:04:01 IST" name="tearDown" finished-at="2025-10-10T15:04:01 IST" duration-ms="0" status="PASS">
          <reporter-output>
          </reporter-output>
        </test-method> <!-- tearDown -->
      </class> <!-- tests.login.TC01_RegisterUserTest -->
      <class name="tests.login.TC05_RegisterExistingEmailTest">
        <test-method is-config="true" signature="setup()[pri:0, instance:tests.login.TC05_RegisterExistingEmailTest@3cd3e762]" started-at="2025-10-10T15:04:42 IST" name="setup" finished-at="2025-10-10T15:04:56 IST" duration-ms="14516" status="PASS">
          <reporter-output>
          </reporter-output>
        </test-method> <!-- setup -->
        <test-method is-config="true" signature="Setup()[pri:0, instance:tests.login.TC05_RegisterExistingEmailTest@3cd3e762]" started-at="2025-10-10T15:04:56 IST" name="Setup" finished-at="2025-10-10T15:04:56 IST" duration-ms="3" status="PASS">
          <reporter-output>
          </reporter-output>
        </test-method> <!-- Setup -->
        <test-method signature="RegisterUser()[pri:1, instance:tests.login.TC05_RegisterExistingEmailTest@3cd3e762]" started-at="2025-10-10T15:04:56 IST" name="RegisterUser" finished-at="2025-10-10T15:05:03 IST" duration-ms="6865" status="PASS">
          <reporter-output>
          </reporter-output>
        </test-method> <!-- RegisterUser -->
        <test-method is-config="true" signature="tearDown()[pri:0, instance:tests.login.TC05_RegisterExistingEmailTest@3cd3e762]" started-at="2025-10-10T15:05:03 IST" name="tearDown" finished-at="2025-10-10T15:05:03 IST" duration-ms="0" status="PASS">
          <reporter-output>
          </reporter-output>
        </test-method> <!-- tearDown -->
      </class> <!-- tests.login.TC05_RegisterExistingEmailTest -->
      <class name="tests.login.TC03_LoginInvalidTest">
        <test-method is-config="true" signature="setup()[pri:0, instance:tests.login.TC03_LoginInvalidTest@179ece50]" started-at="2025-10-10T15:04:15 IST" name="setup" finished-at="2025-10-10T15:04:22 IST" duration-ms="6846" status="PASS">
          <reporter-output>
          </reporter-output>
        </test-method> <!-- setup -->
        <test-method is-config="true" signature="Setup()[pri:0, instance:tests.login.TC03_LoginInvalidTest@179ece50]" started-at="2025-10-10T15:04:22 IST" name="Setup" finished-at="2025-10-10T15:04:22 IST" duration-ms="1" status="PASS">
          <reporter-output>
          </reporter-output>
        </test-method> <!-- Setup -->
        <test-method signature="InvalidAccountLogin()[pri:0, instance:tests.login.TC03_LoginInvalidTest@179ece50]" started-at="2025-10-10T15:04:22 IST" name="InvalidAccountLogin" finished-at="2025-10-10T15:04:24 IST" duration-ms="1819" status="PASS">
          <reporter-output>
          </reporter-output>
        </test-method> <!-- InvalidAccountLogin -->
        <test-method is-config="true" signature="tearDown()[pri:0, instance:tests.login.TC03_LoginInvalidTest@179ece50]" started-at="2025-10-10T15:04:24 IST" name="tearDown" finished-at="2025-10-10T15:04:24 IST" duration-ms="0" status="PASS">
          <reporter-output>
          </reporter-output>
        </test-method> <!-- tearDown -->
      </class> <!-- tests.login.TC03_LoginInvalidTest -->
    </test> <!-- AutomationExercise Tests -->
  </suite> <!-- AutomationExerciseApp_practice -->
</testng-results>
