<?xml version="1.0" encoding="UTF-8"?>
<testng-results ignored="0" total="1" passed="1" failed="0" skipped="0">
  <reporter-output>
  </reporter-output>
  <suite started-at="2025-09-23T18:54:23 IST" name="Default suite" finished-at="2025-09-23T18:54:40 IST" duration-ms="16424">
    <groups>
    </groups>
    <test started-at="2025-09-23T18:54:23 IST" name="Default test" finished-at="2025-09-23T18:54:40 IST" duration-ms="16424">
      <class name="tests.login.TC01_RegisterUserTest">
        <test-method is-config="true" signature="setup()[pri:0, instance:tests.login.TC01_RegisterUserTest@776aec5c]" started-at="2025-09-23T18:54:23 IST" name="setup" finished-at="2025-09-23T18:54:36 IST" duration-ms="12746" status="PASS">
          <reporter-output>
          </reporter-output>
        </test-method> <!-- setup -->
        <test-method is-config="true" signature="Setup()[pri:0, instance:tests.login.TC01_RegisterUserTest@776aec5c]" started-at="2025-09-23T18:54:36 IST" name="Setup" finished-at="2025-09-23T18:54:36 IST" duration-ms="10" status="PASS">
          <reporter-output>
          </reporter-output>
        </test-method> <!-- Setup -->
        <test-method signature="SignupLogin()[pri:0, instance:tests.login.TC01_RegisterUserTest@776aec5c]" started-at="2025-09-23T18:54:36 IST" name="SignupLogin" finished-at="2025-09-23T18:54:40 IST" duration-ms="3628" status="PASS">
          <reporter-output>
          </reporter-output>
        </test-method> <!-- SignupLogin -->
        <test-method is-config="true" signature="tearDown()[pri:0, instance:tests.login.TC01_RegisterUserTest@776aec5c]" started-at="2025-09-23T18:54:40 IST" name="tearDown" finished-at="2025-09-23T18:54:40 IST" duration-ms="1" status="PASS">
          <reporter-output>
          </reporter-output>
        </test-method> <!-- tearDown -->
      </class> <!-- tests.login.TC01_RegisterUserTest -->
    </test> <!-- Default test -->
  </suite> <!-- Default suite -->
</testng-results>
